<?xml version="1.0" encoding="UTF-8"?>
<!-- Generated by org.testng.reporters.JUnitXMLReporter -->
<testsuite ignored="0" hostname="DESKTOP-3ATMJAD" failures="1" tests="4" name="ChromeTest" time="73.407" errors="0" timestamp="2022-09-26T23:18:57 IST">
  <testcase classname="testNGClass1.BuyShare" name="openMarket" time="2.025"/>
  <testcase classname="testNGClass1.BuyShare" name="openOrder" time="0.646">
    <failure type="java.lang.AssertionError" message="The following asserts failed:
	expected [https://trade.angelbroking.co/trade/trading/orderbook] but found [https://trade.angelbroking.com/trade/trading/orderbook]">
      <![CDATA[java.lang.AssertionError: The following asserts failed:
expected [https://trade.angelbroking.co/trade/trading/orderbook] but found [https://trade.angelbroking.com/trade/trading/orderbook]
at testNGClass1.BuyShare.openOrder(BuyShare.java:108)
at java.base/java.util.concurrent.ThreadPoolExecutor.runWorker(ThreadPoolExecutor.java:1136)
at java.base/java.util.concurrent.ThreadPoolExecutor$Worker.run(ThreadPoolExecutor.java:635)
at java.base/java.lang.Thread.run(Thread.java:833)
... Removed 12 stack frames]]>
    </failure>
  </testcase> <!-- openOrder -->
  <testcase classname="testNGClass1.BuyShare1" name="buyShare" time="9.609"/>
  <testcase classname="testNGClass1.BuyShare1" name="sellShare" time="5.517"/>
</testsuite> <!-- ChromeTest -->
