<?xml version="1.0" encoding="UTF-8"?>
<!-- Generated by org.testng.reporters.JUnitXMLReporter -->
<testsuite ignored="0" hostname="DESKTOP-3ATMJAD" failures="0" tests="4" name="ChromeTest" time="89.345" errors="0" timestamp="2022-09-20T15:14:25 IST">
  <testcase classname="testNGClass1.BuyShare" name="openMarket" time="3.69"/>
  <testcase classname="testNGClass1.BuyShare" name="openOrder" time="1.022"/>
  <testcase classname="testNGClass1.BuyShare1" name="buyShare" time="14.432"/>
  <testcase classname="testNGClass1.BuyShare1" name="sellShare" time="5.173"/>
</testsuite> <!-- ChromeTest -->
