<?xml version="1.0" encoding="UTF-8"?>
<!-- Generated by org.testng.reporters.JUnitXMLReporter -->
<testsuite ignored="0" hostname="DESKTOP-3ATMJAD" failures="0" tests="4" name="EdgeTest" time="193.181" errors="0" timestamp="2022-09-17T21:15:23 IST">
  <testcase classname="testNGClass1.BuyShare" name="openMarket" time="13.017"/>
  <testcase classname="testNGClass1.BuyShare" name="openOrder" time="1.62"/>
  <testcase classname="testNGClass1.BuyShare1" name="buyShare" time="22.052"/>
  <testcase classname="testNGClass1.BuyShare1" name="sellShare" time="8.076"/>
</testsuite> <!-- EdgeTest -->
