<?xml version="1.0" encoding="UTF-8"?>
<!-- Generated by org.testng.reporters.JUnitXMLReporter -->
<testsuite ignored="0" hostname="DESKTOP-3ATMJAD" failures="0" tests="4" name="Test" time="87.971" errors="0" timestamp="2022-09-14T14:26:39 IST">
  <testcase classname="testNGClass1.BuyShare" name="openMarket" time="12.223"/>
  <testcase classname="testNGClass1.BuyShare" name="openOrder" time="2.704"/>
  <testcase classname="testNGClass1.BuyShare1" name="buyShare" time="23.148"/>
  <testcase classname="testNGClass1.BuyShare1" name="sellShare" time="5.835"/>
</testsuite> <!-- Test -->
