<?xml version="1.0" encoding="UTF-8"?>
<testng-results ignored="0" total="4" passed="4" failed="0" skipped="0">
  <reporter-output>
  </reporter-output>
  <suite started-at="2022-09-20T15:12:55 IST" name="Suite" finished-at="2022-09-20T15:14:25 IST" duration-ms="89345">
    <groups>
    </groups>
    <test started-at="2022-09-20T15:12:55 IST" name="ChromeTest" finished-at="2022-09-20T15:14:25 IST" duration-ms="89345">
      <class name="testNGClass1.BuyShare1">
        <test-method is-config="true" signature="launchBrowser(java.lang.String)[pri:0, instance:testNGClass1.BuyShare1@59309333]" started-at="2022-09-20T15:12:57 IST" name="launchBrowser" finished-at="2022-09-20T15:12:58 IST" duration-ms="1183" status="PASS">
          <params>
            <param index="0">
              <value>
                <![CDATA[Chrome]]>
              </value>
            </param>
          </params>
          <reporter-output>
          </reporter-output>
        </test-method> <!-- launchBrowser -->
        <test-method is-config="true" signature="createPOMObject()[pri:0, instance:testNGClass1.BuyShare1@59309333]" started-at="2022-09-20T15:13:22 IST" name="createPOMObject" finished-at="2022-09-20T15:13:22 IST" duration-ms="17" status="PASS">
          <reporter-output>
          </reporter-output>
        </test-method> <!-- createPOMObject -->
        <test-method is-config="true" signature="loginAngelOne()[pri:0, instance:testNGClass1.BuyShare1@59309333]" started-at="2022-09-20T15:13:22 IST" name="loginAngelOne" finished-at="2022-09-20T15:13:27 IST" duration-ms="5320" status="PASS">
          <reporter-output>
          </reporter-output>
        </test-method> <!-- loginAngelOne -->
        <test-method signature="buyShare()[pri:0, instance:testNGClass1.BuyShare1@59309333]" started-at="2022-09-20T15:13:27 IST" name="buyShare" finished-at="2022-09-20T15:13:42 IST" duration-ms="14432" status="PASS">
          <reporter-output>
          </reporter-output>
        </test-method> <!-- buyShare -->
        <test-method is-config="true" signature="confirmShareOrder(org.testng.ITestResult)[pri:0, instance:testNGClass1.BuyShare1@59309333]" started-at="2022-09-20T15:13:42 IST" name="confirmShareOrder" finished-at="2022-09-20T15:13:54 IST" duration-ms="12484" status="PASS">
          <params>
            <param index="0">
              <value>
                <![CDATA[[TestResult name=buyShare status=SUCCESS method=BuyShare1.buyShare()[pri:0, instance:testNGClass1.BuyShare1@59309333] output={null}]]]>
              </value>
            </param>
          </params>
          <reporter-output>
          </reporter-output>
        </test-method> <!-- confirmShareOrder -->
        <test-method is-config="true" signature="loginAngelOne()[pri:0, instance:testNGClass1.BuyShare1@59309333]" started-at="2022-09-20T15:13:54 IST" name="loginAngelOne" finished-at="2022-09-20T15:13:56 IST" duration-ms="1907" status="PASS">
          <reporter-output>
          </reporter-output>
        </test-method> <!-- loginAngelOne -->
        <test-method signature="sellShare()[pri:0, instance:testNGClass1.BuyShare1@59309333]" started-at="2022-09-20T15:13:56 IST" name="sellShare" finished-at="2022-09-20T15:14:01 IST" duration-ms="5173" status="PASS">
          <reporter-output>
          </reporter-output>
        </test-method> <!-- sellShare -->
        <test-method is-config="true" signature="confirmShareOrder(org.testng.ITestResult)[pri:0, instance:testNGClass1.BuyShare1@59309333]" started-at="2022-09-20T15:14:01 IST" name="confirmShareOrder" finished-at="2022-09-20T15:14:24 IST" duration-ms="22778" status="PASS">
          <params>
            <param index="0">
              <value>
                <![CDATA[[TestResult name=sellShare status=SUCCESS method=BuyShare1.sellShare()[pri:0, instance:testNGClass1.BuyShare1@59309333] output={null}]]]>
              </value>
            </param>
          </params>
          <reporter-output>
          </reporter-output>
        </test-method> <!-- confirmShareOrder -->
        <test-method is-config="true" signature="cleanPOMObject()[pri:0, instance:testNGClass1.BuyShare1@59309333]" started-at="2022-09-20T15:14:24 IST" name="cleanPOMObject" finished-at="2022-09-20T15:14:24 IST" duration-ms="1" status="PASS">
          <reporter-output>
          </reporter-output>
        </test-method> <!-- cleanPOMObject -->
        <test-method is-config="true" signature="closeBrowser()[pri:0, instance:testNGClass1.BuyShare1@59309333]" started-at="2022-09-20T15:14:24 IST" name="closeBrowser" finished-at="2022-09-20T15:14:25 IST" duration-ms="384" status="PASS">
          <reporter-output>
          </reporter-output>
        </test-method> <!-- closeBrowser -->
      </class> <!-- testNGClass1.BuyShare1 -->
      <class name="testNGClass1.BuyShare">
        <test-method is-config="true" signature="launchBrowser(java.lang.String)[pri:0, instance:testNGClass1.BuyShare@7b9a4292]" started-at="2022-09-20T15:12:55 IST" name="launchBrowser" finished-at="2022-09-20T15:12:57 IST" duration-ms="1779" status="PASS">
          <params>
            <param index="0">
              <value>
                <![CDATA[Chrome]]>
              </value>
            </param>
          </params>
          <reporter-output>
          </reporter-output>
        </test-method> <!-- launchBrowser -->
        <test-method is-config="true" signature="lounchBrowser()[pri:0, instance:testNGClass1.BuyShare@7b9a4292]" started-at="2022-09-20T15:12:58 IST" name="lounchBrowser" finished-at="2022-09-20T15:12:58 IST" duration-ms="34" status="PASS">
          <reporter-output>
          </reporter-output>
        </test-method> <!-- lounchBrowser -->
        <test-method is-config="true" signature="loginAngelOne()[pri:0, instance:testNGClass1.BuyShare@7b9a4292]" started-at="2022-09-20T15:12:58 IST" name="loginAngelOne" finished-at="2022-09-20T15:13:14 IST" duration-ms="16056" status="PASS">
          <reporter-output>
          </reporter-output>
        </test-method> <!-- loginAngelOne -->
        <test-method signature="openMarket()[pri:0, instance:testNGClass1.BuyShare@7b9a4292]" started-at="2022-09-20T15:13:14 IST" name="openMarket" finished-at="2022-09-20T15:13:18 IST" duration-ms="3690" status="PASS">
          <reporter-output>
          </reporter-output>
        </test-method> <!-- openMarket -->
        <test-method is-config="true" signature="captureScreenShot(org.testng.ITestResult)[pri:0, instance:testNGClass1.BuyShare@7b9a4292]" started-at="2022-09-20T15:13:18 IST" name="captureScreenShot" finished-at="2022-09-20T15:13:18 IST" duration-ms="1" status="PASS">
          <params>
            <param index="0">
              <value>
                <![CDATA[[TestResult name=openMarket status=SUCCESS method=BuyShare.openMarket()[pri:0, instance:testNGClass1.BuyShare@7b9a4292] output={null}]]]>
              </value>
            </param>
          </params>
          <reporter-output>
          </reporter-output>
        </test-method> <!-- captureScreenShot -->
        <test-method is-config="true" signature="loginAngelOne()[pri:0, instance:testNGClass1.BuyShare@7b9a4292]" started-at="2022-09-20T15:13:18 IST" name="loginAngelOne" finished-at="2022-09-20T15:13:21 IST" duration-ms="2611" status="PASS">
          <reporter-output>
          </reporter-output>
        </test-method> <!-- loginAngelOne -->
        <test-method signature="openOrder()[pri:0, instance:testNGClass1.BuyShare@7b9a4292]" started-at="2022-09-20T15:13:21 IST" name="openOrder" finished-at="2022-09-20T15:13:22 IST" duration-ms="1022" status="PASS">
          <reporter-output>
          </reporter-output>
        </test-method> <!-- openOrder -->
        <test-method is-config="true" signature="captureScreenShot(org.testng.ITestResult)[pri:0, instance:testNGClass1.BuyShare@7b9a4292]" started-at="2022-09-20T15:13:22 IST" name="captureScreenShot" finished-at="2022-09-20T15:13:22 IST" duration-ms="1" status="PASS">
          <params>
            <param index="0">
              <value>
                <![CDATA[[TestResult name=openOrder status=SUCCESS method=BuyShare.openOrder()[pri:0, instance:testNGClass1.BuyShare@7b9a4292] output={null}]]]>
              </value>
            </param>
          </params>
          <reporter-output>
          </reporter-output>
        </test-method> <!-- captureScreenShot -->
        <test-method is-config="true" signature="cleanPOMObject()[pri:0, instance:testNGClass1.BuyShare@7b9a4292]" started-at="2022-09-20T15:13:22 IST" name="cleanPOMObject" finished-at="2022-09-20T15:13:22 IST" duration-ms="1" status="PASS">
          <reporter-output>
          </reporter-output>
        </test-method> <!-- cleanPOMObject -->
        <test-method is-config="true" signature="closeBrowser()[pri:0, instance:testNGClass1.BuyShare@7b9a4292]" started-at="2022-09-20T15:14:24 IST" name="closeBrowser" finished-at="2022-09-20T15:14:24 IST" duration-ms="423" status="PASS">
          <reporter-output>
          </reporter-output>
        </test-method> <!-- closeBrowser -->
      </class> <!-- testNGClass1.BuyShare -->
    </test> <!-- ChromeTest -->
  </suite> <!-- Suite -->
</testng-results>
